<?xml version="1.0" encoding="UTF-8"?>
<!-- Generated by org.testng.reporters.JUnitReportReporter -->
<testsuite hostname="MacBook.lan" failures="0" tests="1" name="devberry.Tests.LoginErrorValidation" time="1.882" errors="0" timestamp="2025-07-09T18:45:38 IST" skipped="0">
  <testcase classname="devberry.Tests.LoginErrorValidation" name="invalidUserEmail" time="1.882"/>
</testsuite> <!-- devberry.Tests.LoginErrorValidation -->
