<?xml version="1.0" encoding="UTF-8"?>
<!-- Generated by org.testng.reporters.JUnitReportReporter -->
<testsuite hostname="MacBookAir.lan" failures="0" tests="1" name="devberry.Tests.LoginErrorValidation" time="4.733" errors="0" timestamp="2025-08-16T19:19:44 IST" skipped="0">
  <testcase classname="devberry.Tests.LoginErrorValidation" name="invalidUserEmail" time="4.733"/>
</testsuite> <!-- devberry.Tests.LoginErrorValidation -->
