<?xml version="1.0" encoding="UTF-8"?>
<!-- Generated by org.testng.reporters.JUnitReportReporter -->
<testsuite hostname="MacBookAir.lan" failures="0" tests="2" name="devberry.Tests.SubmitOrder" time="21.449" errors="0" timestamp="2025-08-16T19:19:44 IST" skipped="0">
  <testcase classname="devberry.Tests.SubmitOrder" name="submitOrderTest" time="12.178"/>
  <testcase classname="devberry.Tests.SubmitOrder" name="submitOrderTest" time="9.271"/>
</testsuite> <!-- devberry.Tests.SubmitOrder -->
